This is XeTeX, Version 3.14159265-2.6-0.99992 (TeX Live 2015/Arch Linux) (preloaded format=xelatex 2015.10.25)  26 OCT 2015 12:26
entering extended mode
 restricted \write18 enabled.
 %&-line parsing enabled.
**Npr.tex
(/usr/share/texmf-dist/tex/latex/tools/q.tex
! Interruption.
<to be read again> 
                   \begingroup 
l.1 
    %%
? 
! Emergency stop.
<to be read again> 
                   \begingroup 
l.1 
    %%
End of file on the terminal!

 
Here is how much of TeX's memory you used:
 6 strings out of 493706
 133 string characters out of 6150887
 53323 words of memory out of 5000000
 3446 multiletter control sequences out of 15000+600000
 3640 words of font info for 14 fonts, out of 8000000 for 9000
 1328 hyphenation exceptions out of 8191
 3i,0n,1p,12b,6s stack positions out of 5000i,500n,10000p,200000b,80000s
No pages of output.
