This is XeTeX, Version 3.14159265-2.6-0.99992 (TeX Live 2015/Arch Linux) (preloaded format=xelatex 2015.11.24)  18 APR 2016 11:28
entering extended mode
 restricted \write18 enabled.
 %&-line parsing enabled.
**mani.tex
(/usr/share/texmf-dist/tex/latex/tools/q.tex
! Interruption.
<to be read again> 
                   \begingroup 
l.1 
    %%
? 
! Emergency stop.
<to be read again> 
                   \begingroup 
l.1 
    %%
End of file on the terminal!

 
Here is how much of TeX's memory you used:
 7 strings out of 493668
 136 string characters out of 6150755
 53498 words of memory out of 5000000
 3487 multiletter control sequences out of 15000+600000
 3640 words of font info for 14 fonts, out of 8000000 for 9000
 1328 hyphenation exceptions out of 8191
 3i,0n,1p,13b,6s stack positions out of 5000i,500n,10000p,200000b,80000s
No pages of output.
